<?xml version="1.0" encoding="UTF-8"?>
<!-- Generated by org.testng.reporters.JUnitReportReporter -->
<testsuite hostname="DESKTOP-D0BSA0D" failures="0" tests="1" name="Runnerpkg_BDD.TestRunner" time="88.286" errors="0" timestamp="2022-05-27T22:01:07 IST" skipped="0">
  <testcase classname="Runnerpkg_BDD.TestRunner" name="runScenario" time="88.286"/>
  <system-out/>
</testsuite> <!-- Runnerpkg_BDD.TestRunner -->
